<?xml version="1.0" encoding="UTF-8"?>
<!-- Generated by org.testng.reporters.JUnitReportReporter -->
<testsuite skipped="0" hostname="OmarFaruk" name="testngsessions.TestNGAnnotations" tests="2" failures="0" timestamp="03 Jun 2021 20:06:28 GMT" time="0.011" errors="0">
  <testcase name="searchTest" time="0.006" classname="testngsessions.TestNGAnnotations"/>
  <testcase name="titleTest" time="0.005" classname="testngsessions.TestNGAnnotations"/>
</testsuite> <!-- testngsessions.TestNGAnnotations -->
